# JRE version: OpenJDK Runtime Environment Temurin-17.0.10+7 (17.0.10+7) (build 17.0.10+7)
# Java VM: OpenJDK 64-Bit Server VM Temurin-17.0.10+7 (17.0.10+7, mixed mode, tiered, compressed oops, compressed class ptrs, parallel gc, windows-amd64)
GC Precious Log:
 CPUs: 4 total, 4 available
 Memory: 6044M
 Large Page Support: Disabled
 NUMA Support: Disabled
 Compressed Oops: Enabled (32-bit)
 Alignments: Space 512K, Generation 512K, Heap 2M
 Heap Min Capacity: 100M
 Heap Initial Capacity: 100M
 Heap Max Capacity: 1G
 Pre-touch: Disabled
 Parallel Workers: 4
Heap:
 PSYoungGen      total 12800K, used 7964K [0x00000000eab00000, 0x00000000ebb80000, 0x0000000100000000)
  eden space 12288K, 60% used [0x00000000eab00000,0x00000000eb24f348,0x00000000eb700000)
  from space 512K, 93% used [0x00000000ebb00000,0x00000000ebb78010,0x00000000ebb80000)
  to   space 1024K, 0% used [0x00000000eb980000,0x00000000eb980000,0x00000000eba80000)
 ParOldGen       total 253952K, used 222339K [0x00000000c0000000, 0x00000000cf800000, 0x00000000eab00000)
  object space 253952K, 87% used [0x00000000c0000000,0x00000000cd920ce8,0x00000000cf800000)
 Metaspace       used 78492K, committed 79744K, reserved 1179648K
  class space    used 8825K, committed 9408K, reserved 1048576K
GC Heap History (20 events):
Event: 363.743 GC heap before
{Heap before GC invocations=403 (full 16):
 PSYoungGen      total 13312K, used 13207K [0x00000000eab00000, 0x00000000ebe80000, 0x0000000100000000)
  eden space 12288K, 99% used [0x00000000eab00000,0x00000000eb6e71e8,0x00000000eb700000)
  from space 1024K, 99% used [0x00000000ebd80000,0x00000000ebe7ea70,0x00000000ebe80000)
  to   space 2560K, 0% used [0x00000000eb980000,0x00000000eb980000,0x00000000ebc00000)
 ParOldGen       total 253952K, used 219983K [0x00000000c0000000, 0x00000000cf800000, 0x00000000eab00000)
  object space 253952K, 86% used [0x00000000c0000000,0x00000000cd6d3d00,0x00000000cf800000)
 Metaspace       used 75462K, committed 76608K, reserved 1179648K
  class space    used 8569K, committed 9088K, reserved 1048576K
}
Event: 363.748 GC heap after
{Heap after GC invocations=403 (full 16):
 PSYoungGen      total 14848K, used 1361K [0x00000000eab00000, 0x00000000ebe00000, 0x0000000100000000)
  eden space 12288K, 0% used [0x00000000eab00000,0x00000000eab00000,0x00000000eb700000)
  from space 2560K, 53% used [0x00000000eb980000,0x00000000ebad4608,0x00000000ebc00000)
  to   space 2048K, 0% used [0x00000000ebc00000,0x00000000ebc00000,0x00000000ebe00000)
 ParOldGen       total 253952K, used 220655K [0x00000000c0000000, 0x00000000cf800000, 0x00000000eab00000)
  object space 253952K, 86% used [0x00000000c0000000,0x00000000cd77bd10,0x00000000cf800000)
 Metaspace       used 75462K, committed 76608K, reserved 1179648K
  class space    used 8569K, committed 9088K, reserved 1048576K
}
Event: 363.882 GC heap before
{Heap before GC invocations=404 (full 16):
 PSYoungGen      total 14848K, used 13649K [0x00000000eab00000, 0x00000000ebe00000, 0x0000000100000000)
  eden space 12288K, 100% used [0x00000000eab00000,0x00000000eb700000,0x00000000eb700000)
  from space 2560K, 53% used [0x00000000eb980000,0x00000000ebad4608,0x00000000ebc00000)
  to   space 2048K, 0% used [0x00000000ebc00000,0x00000000ebc00000,0x00000000ebe00000)
 ParOldGen       total 253952K, used 220655K [0x00000000c0000000, 0x00000000cf800000, 0x00000000eab00000)
  object space 253952K, 86% used [0x00000000c0000000,0x00000000cd77bd10,0x00000000cf800000)
 Metaspace       used 75943K, committed 77056K, reserved 1179648K
  class space    used 8609K, committed 9088K, reserved 1048576K
}
Event: 363.886 GC heap after
{Heap after GC invocations=404 (full 16):
 PSYoungGen      total 12800K, used 224K [0x00000000eab00000, 0x00000000ebc80000, 0x0000000100000000)
  eden space 12288K, 0% used [0x00000000eab00000,0x00000000eab00000,0x00000000eb700000)
  from space 512K, 43% used [0x00000000ebc00000,0x00000000ebc38000,0x00000000ebc80000)
  to   space 1024K, 0% used [0x00000000eba80000,0x00000000eba80000,0x00000000ebb80000)
 ParOldGen       total 253952K, used 220655K [0x00000000c0000000, 0x00000000cf800000, 0x00000000eab00000)
  object space 253952K, 86% used [0x00000000c0000000,0x00000000cd77bd10,0x00000000cf800000)
 Metaspace       used 75943K, committed 77056K, reserved 1179648K
  class space    used 8609K, committed 9088K, reserved 1048576K
}
Event: 364.591 GC heap before
{Heap before GC invocations=405 (full 16):
 PSYoungGen      total 12800K, used 12512K [0x00000000eab00000, 0x00000000ebc80000, 0x0000000100000000)
  eden space 12288K, 100% used [0x00000000eab00000,0x00000000eb700000,0x00000000eb700000)
  from space 512K, 43% used [0x00000000ebc00000,0x00000000ebc38000,0x00000000ebc80000)
  to   space 1024K, 0% used [0x00000000eba80000,0x00000000eba80000,0x00000000ebb80000)
 ParOldGen       total 253952K, used 220655K [0x00000000c0000000, 0x00000000cf800000, 0x00000000eab00000)
  object space 253952K, 86% used [0x00000000c0000000,0x00000000cd77bd10,0x00000000cf800000)
 Metaspace       used 77488K, committed 78592K, reserved 1179648K
  class space    used 8756K, committed 9280K, reserved 1048576K
}
Event: 364.595 GC heap after
{Heap after GC invocations=405 (full 16):
 PSYoungGen      total 13312K, used 992K [0x00000000eab00000, 0x00000000ebc80000, 0x0000000100000000)
  eden space 12288K, 0% used [0x00000000eab00000,0x00000000eab00000,0x00000000eb700000)
  from space 1024K, 96% used [0x00000000eba80000,0x00000000ebb78010,0x00000000ebb80000)
  to   space 1024K, 0% used [0x00000000ebb80000,0x00000000ebb80000,0x00000000ebc80000)
 ParOldGen       total 253952K, used 220855K [0x00000000c0000000, 0x00000000cf800000, 0x00000000eab00000)
  object space 253952K, 86% used [0x00000000c0000000,0x00000000cd7add10,0x00000000cf800000)
 Metaspace       used 77488K, committed 78592K, reserved 1179648K
  class space    used 8756K, committed 9280K, reserved 1048576K
}
Event: 366.840 GC heap before
{Heap before GC invocations=406 (full 16):
 PSYoungGen      total 13312K, used 13280K [0x00000000eab00000, 0x00000000ebc80000, 0x0000000100000000)
  eden space 12288K, 100% used [0x00000000eab00000,0x00000000eb700000,0x00000000eb700000)
  from space 1024K, 96% used [0x00000000eba80000,0x00000000ebb78010,0x00000000ebb80000)
  to   space 1024K, 0% used [0x00000000ebb80000,0x00000000ebb80000,0x00000000ebc80000)
 ParOldGen       total 253952K, used 220855K [0x00000000c0000000, 0x00000000cf800000, 0x00000000eab00000)
  object space 253952K, 86% used [0x00000000c0000000,0x00000000cd7add10,0x00000000cf800000)
 Metaspace       used 77754K, committed 78912K, reserved 1179648K
  class space    used 8772K, committed 9280K, reserved 1048576K
}
Event: 366.846 GC heap after
{Heap after GC invocations=406 (full 16):
 PSYoungGen      total 13312K, used 1008K [0x00000000eab00000, 0x00000000ebc80000, 0x0000000100000000)
  eden space 12288K, 0% used [0x00000000eab00000,0x00000000eab00000,0x00000000eb700000)
  from space 1024K, 98% used [0x00000000ebb80000,0x00000000ebc7c010,0x00000000ebc80000)
  to   space 1536K, 0% used [0x00000000eb980000,0x00000000eb980000,0x00000000ebb00000)
 ParOldGen       total 253952K, used 221119K [0x00000000c0000000, 0x00000000cf800000, 0x00000000eab00000)
  object space 253952K, 87% used [0x00000000c0000000,0x00000000cd7efd10,0x00000000cf800000)
 Metaspace       used 77754K, committed 78912K, reserved 1179648K
  class space    used 8772K, committed 9280K, reserved 1048576K
}
Event: 367.244 GC heap before
{Heap before GC invocations=407 (full 16):
 PSYoungGen      total 13312K, used 13296K [0x00000000eab00000, 0x00000000ebc80000, 0x0000000100000000)
  eden space 12288K, 100% used [0x00000000eab00000,0x00000000eb700000,0x00000000eb700000)
  from space 1024K, 98% used [0x00000000ebb80000,0x00000000ebc7c010,0x00000000ebc80000)
  to   space 1536K, 0% used [0x00000000eb980000,0x00000000eb980000,0x00000000ebb00000)
 ParOldGen       total 253952K, used 221119K [0x00000000c0000000, 0x00000000cf800000, 0x00000000eab00000)
  object space 253952K, 87% used [0x00000000c0000000,0x00000000cd7efd10,0x00000000cf800000)
 Metaspace       used 77841K, committed 78976K, reserved 1179648K
  class space    used 8777K, committed 9280K, reserved 1048576K
}
Event: 367.248 GC heap after
{Heap after GC invocations=407 (full 16):
 PSYoungGen      total 13824K, used 368K [0x00000000eab00000, 0x00000000ebc00000, 0x0000000100000000)
  eden space 12288K, 0% used [0x00000000eab00000,0x00000000eab00000,0x00000000eb700000)
  from space 1536K, 23% used [0x00000000eb980000,0x00000000eb9dc010,0x00000000ebb00000)
  to   space 1024K, 0% used [0x00000000ebb00000,0x00000000ebb00000,0x00000000ebc00000)
 ParOldGen       total 253952K, used 221891K [0x00000000c0000000, 0x00000000cf800000, 0x00000000eab00000)
  object space 253952K, 87% used [0x00000000c0000000,0x00000000cd8b0cd8,0x00000000cf800000)
 Metaspace       used 77841K, committed 78976K, reserved 1179648K
  class space    used 8777K, committed 9280K, reserved 1048576K
}
Event: 367.792 GC heap before
{Heap before GC invocations=408 (full 16):
 PSYoungGen      total 13824K, used 12656K [0x00000000eab00000, 0x00000000ebc00000, 0x0000000100000000)
  eden space 12288K, 100% used [0x00000000eab00000,0x00000000eb700000,0x00000000eb700000)
  from space 1536K, 23% used [0x00000000eb980000,0x00000000eb9dc010,0x00000000ebb00000)
  to   space 1024K, 0% used [0x00000000ebb00000,0x00000000ebb00000,0x00000000ebc00000)
 ParOldGen       total 253952K, used 221891K [0x00000000c0000000, 0x00000000cf800000, 0x00000000eab00000)
  object space 253952K, 87% used [0x00000000c0000000,0x00000000cd8b0cd8,0x00000000cf800000)
 Metaspace       used 78002K, committed 79040K, reserved 1179648K
  class space    used 8781K, committed 9280K, reserved 1048576K
}
Event: 367.794 GC heap after
{Heap after GC invocations=408 (full 16):
 PSYoungGen      total 13312K, used 688K [0x00000000eab00000, 0x00000000ebc00000, 0x0000000100000000)
  eden space 12288K, 0% used [0x00000000eab00000,0x00000000eab00000,0x00000000eb700000)
  from space 1024K, 67% used [0x00000000ebb00000,0x00000000ebbac010,0x00000000ebc00000)
  to   space 1024K, 0% used [0x00000000eba00000,0x00000000eba00000,0x00000000ebb00000)
 ParOldGen       total 253952K, used 221899K [0x00000000c0000000, 0x00000000cf800000, 0x00000000eab00000)
  object space 253952K, 87% used [0x00000000c0000000,0x00000000cd8b2cd8,0x00000000cf800000)
 Metaspace       used 78002K, committed 79040K, reserved 1179648K
  class space    used 8781K, committed 9280K, reserved 1048576K
}
Event: 369.111 GC heap before
{Heap before GC invocations=409 (full 16):
 PSYoungGen      total 13312K, used 12976K [0x00000000eab00000, 0x00000000ebc00000, 0x0000000100000000)
  eden space 12288K, 100% used [0x00000000eab00000,0x00000000eb700000,0x00000000eb700000)
  from space 1024K, 67% used [0x00000000ebb00000,0x00000000ebbac010,0x00000000ebc00000)
  to   space 1024K, 0% used [0x00000000eba00000,0x00000000eba00000,0x00000000ebb00000)
 ParOldGen       total 253952K, used 221899K [0x00000000c0000000, 0x00000000cf800000, 0x00000000eab00000)
  object space 253952K, 87% used [0x00000000c0000000,0x00000000cd8b2cd8,0x00000000cf800000)
 Metaspace       used 78088K, committed 79232K, reserved 1179648K
  class space    used 8787K, committed 9280K, reserved 1048576K
}
Event: 369.113 GC heap after
{Heap after GC invocations=409 (full 16):
 PSYoungGen      total 13312K, used 688K [0x00000000eab00000, 0x00000000ebb80000, 0x0000000100000000)
  eden space 12288K, 0% used [0x00000000eab00000,0x00000000eab00000,0x00000000eb700000)
  from space 1024K, 67% used [0x00000000eba00000,0x00000000ebaac010,0x00000000ebb00000)
  to   space 512K, 0% used [0x00000000ebb00000,0x00000000ebb00000,0x00000000ebb80000)
 ParOldGen       total 253952K, used 221907K [0x00000000c0000000, 0x00000000cf800000, 0x00000000eab00000)
  object space 253952K, 87% used [0x00000000c0000000,0x00000000cd8b4cd8,0x00000000cf800000)
 Metaspace       used 78088K, committed 79232K, reserved 1179648K
  class space    used 8787K, committed 9280K, reserved 1048576K
}
Event: 1607.427 GC heap before
{Heap before GC invocations=410 (full 16):
 PSYoungGen      total 13312K, used 12976K [0x00000000eab00000, 0x00000000ebb80000, 0x0000000100000000)
  eden space 12288K, 100% used [0x00000000eab00000,0x00000000eb700000,0x00000000eb700000)
  from space 1024K, 67% used [0x00000000eba00000,0x00000000ebaac010,0x00000000ebb00000)
  to   space 512K, 0% used [0x00000000ebb00000,0x00000000ebb00000,0x00000000ebb80000)
 ParOldGen       total 253952K, used 221907K [0x00000000c0000000, 0x00000000cf800000, 0x00000000eab00000)
  object space 253952K, 87% used [0x00000000c0000000,0x00000000cd8b4cd8,0x00000000cf800000)
 Metaspace       used 78394K, committed 79616K, reserved 1179648K
  class space    used 8823K, committed 9408K, reserved 1048576K
}
Event: 1607.432 GC heap after
{Heap after GC invocations=410 (full 16):
 PSYoungGen      total 12800K, used 496K [0x00000000eab00000, 0x00000000ebb80000, 0x0000000100000000)
  eden space 12288K, 0% used [0x00000000eab00000,0x00000000eab00000,0x00000000eb700000)
  from space 512K, 96% used [0x00000000ebb00000,0x00000000ebb7c010,0x00000000ebb80000)
  to   space 1024K, 0% used [0x00000000eb980000,0x00000000eb980000,0x00000000eba80000)
 ParOldGen       total 253952K, used 222051K [0x00000000c0000000, 0x00000000cf800000, 0x00000000eab00000)
  object space 253952K, 87% used [0x00000000c0000000,0x00000000cd8d8cd8,0x00000000cf800000)
 Metaspace       used 78394K, committed 79616K, reserved 1179648K
  class space    used 8823K, committed 9408K, reserved 1048576K
}
Event: 4431.927 GC heap before
{Heap before GC invocations=411 (full 16):
 PSYoungGen      total 12800K, used 12784K [0x00000000eab00000, 0x00000000ebb80000, 0x0000000100000000)
  eden space 12288K, 100% used [0x00000000eab00000,0x00000000eb700000,0x00000000eb700000)
  from space 512K, 96% used [0x00000000ebb00000,0x00000000ebb7c010,0x00000000ebb80000)
  to   space 1024K, 0% used [0x00000000eb980000,0x00000000eb980000,0x00000000eba80000)
 ParOldGen       total 253952K, used 222051K [0x00000000c0000000, 0x00000000cf800000, 0x00000000eab00000)
  object space 253952K, 87% used [0x00000000c0000000,0x00000000cd8d8cd8,0x00000000cf800000)
 Metaspace       used 78426K, committed 79616K, reserved 1179648K
  class space    used 8825K, committed 9408K, reserved 1048576K
}
Event: 4432.026 GC heap after
{Heap after GC invocations=411 (full 16):
 PSYoungGen      total 13312K, used 384K [0x00000000eab00000, 0x00000000ebb80000, 0x0000000100000000)
  eden space 12288K, 0% used [0x00000000eab00000,0x00000000eab00000,0x00000000eb700000)
  from space 1024K, 37% used [0x00000000eb980000,0x00000000eb9e0000,0x00000000eba80000)
  to   space 512K, 0% used [0x00000000ebb00000,0x00000000ebb00000,0x00000000ebb80000)
 ParOldGen       total 253952K, used 222243K [0x00000000c0000000, 0x00000000cf800000, 0x00000000eab00000)
  object space 253952K, 87% used [0x00000000c0000000,0x00000000cd908ce8,0x00000000cf800000)
 Metaspace       used 78426K, committed 79616K, reserved 1179648K
  class space    used 8825K, committed 9408K, reserved 1048576K
}
Event: 12067.480 GC heap before
{Heap before GC invocations=412 (full 16):
 PSYoungGen      total 13312K, used 12625K [0x00000000eab00000, 0x00000000ebb80000, 0x0000000100000000)
  eden space 12288K, 99% used [0x00000000eab00000,0x00000000eb6f4408,0x00000000eb700000)
  from space 1024K, 37% used [0x00000000eb980000,0x00000000eb9e0000,0x00000000eba80000)
  to   space 512K, 0% used [0x00000000ebb00000,0x00000000ebb00000,0x00000000ebb80000)
 ParOldGen       total 253952K, used 222243K [0x00000000c0000000, 0x00000000cf800000, 0x00000000eab00000)
  object space 253952K, 87% used [0x00000000c0000000,0x00000000cd908ce8,0x00000000cf800000)
 Metaspace       used 78481K, committed 79744K, reserved 1179648K
  class space    used 8825K, committed 9408K, reserved 1048576K
}
Event: 12067.556 GC heap after
{Heap after GC invocations=412 (full 16):
 PSYoungGen      total 12800K, used 480K [0x00000000eab00000, 0x00000000ebb80000, 0x0000000100000000)
  eden space 12288K, 0% used [0x00000000eab00000,0x00000000eab00000,0x00000000eb700000)
  from space 512K, 93% used [0x00000000ebb00000,0x00000000ebb78010,0x00000000ebb80000)
  to   space 1024K, 0% used [0x00000000eb980000,0x00000000eb980000,0x00000000eba80000)
 ParOldGen       total 253952K, used 222339K [0x00000000c0000000, 0x00000000cf800000, 0x00000000eab00000)
  object space 253952K, 87% used [0x00000000c0000000,0x00000000cd920ce8,0x00000000cf800000)
 Metaspace       used 78481K, committed 79744K, reserved 1179648K
  class space    used 8825K, committed 9408K, reserved 1048576K
}

